<?xml version="1.0" encoding="UTF-8"?>
<!-- Generated by org.testng.reporters.JUnitXMLReporter -->
<testsuite ignored="0" hostname="DESKTOP-1U1212V" failures="1" tests="18" name="Parallel Tests" time="10.959" errors="0" timestamp="2022-05-21T19:35:39 EDT">
  <testcase classname="com.qa.sco.testCases.LoginPageTest" name="@AfterMethod tearDown" time="0.067">
    <failure type="org.openqa.selenium.NoSuchSessionException" message="Tried to run command without establishing a connection
Build info: version: &amp;apos;3.14.0&amp;apos;, revision: &amp;apos;aacccce0&amp;apos;, time: &amp;apos;2018-08-02T20:19:58.91Z&amp;apos;
System info: host: &amp;apos;DESKTOP-1U1212V&amp;apos;, ip: &amp;apos;10.0.0.88&amp;apos;, os.name: &amp;apos;Windows 10&amp;apos;, os.arch: &amp;apos;amd64&amp;apos;, os.version: &amp;apos;10.0&amp;apos;, java.version: &amp;apos;15.0.1&amp;apos;
Driver info: org.openqa.selenium.firefox.FirefoxDriver
Capabilities {acceptInsecureCerts: true, browserName: firefox, browserVersion: 97.0.1, javascriptEnabled: true, moz:accessibilityChecks: false, moz:buildID: 20220216172458, moz:geckodriverVersion: 0.30.0, moz:headless: false, moz:processID: 50344, moz:profile: C:\Users\MANAV CHOKSHI\AppD..., moz:shutdownTimeout: 60000, moz:useNonSpecCompliantPointerOrigin: false, moz:webdriverClick: true, pageLoadStrategy: normal, platform: WINDOWS, platformName: WINDOWS, platformVersion: 10.0, proxy: Proxy(), setWindowRect: true, strictFileInteractability: false, timeouts: {implicit: 0, pageLoad: 300000, script: 30000}, unhandledPromptBehavior: dismiss and notify}
Session ID: aaea6e95-3c43-4877-84c4-4b009194303e">
      <![CDATA[org.openqa.selenium.NoSuchSessionException: Tried to run command without establishing a connection
Build info: version: '3.14.0', revision: 'aacccce0', time: '2018-08-02T20:19:58.91Z'
System info: host: 'DESKTOP-1U1212V', ip: '10.0.0.88', os.name: 'Windows 10', os.arch: 'amd64', os.version: '10.0', java.version: '15.0.1'
Driver info: org.openqa.selenium.firefox.FirefoxDriver
Capabilities {acceptInsecureCerts: true, browserName: firefox, browserVersion: 97.0.1, javascriptEnabled: true, moz:accessibilityChecks: false, moz:buildID: 20220216172458, moz:geckodriverVersion: 0.30.0, moz:headless: false, moz:processID: 50344, moz:profile: C:\Users\MANAV CHOKSHI\AppD..., moz:shutdownTimeout: 60000, moz:useNonSpecCompliantPointerOrigin: false, moz:webdriverClick: true, pageLoadStrategy: normal, platform: WINDOWS, platformName: WINDOWS, platformVersion: 10.0, proxy: Proxy(), setWindowRect: true, strictFileInteractability: false, timeouts: {implicit: 0, pageLoad: 300000, script: 30000}, unhandledPromptBehavior: dismiss and notify}
Session ID: aaea6e95-3c43-4877-84c4-4b009194303e
at org.openqa.selenium.remote.http.W3CHttpResponseCodec.createException(W3CHttpResponseCodec.java:187)
at org.openqa.selenium.remote.http.W3CHttpResponseCodec.decode(W3CHttpResponseCodec.java:122)
at org.openqa.selenium.remote.http.W3CHttpResponseCodec.decode(W3CHttpResponseCodec.java:49)
at org.openqa.selenium.remote.HttpCommandExecutor.execute(HttpCommandExecutor.java:158)
at org.openqa.selenium.remote.service.DriverCommandExecutor.execute(DriverCommandExecutor.java:83)
at org.openqa.selenium.remote.RemoteWebDriver.execute(RemoteWebDriver.java:548)
at org.openqa.selenium.remote.RemoteWebDriver.execute(RemoteWebDriver.java:605)
at org.openqa.selenium.remote.RemoteWebDriver.quit(RemoteWebDriver.java:448)
at com.qa.sco.testCases.LoginPageTest.tearDown(LoginPageTest.java:133)
at java.base/java.util.ArrayList.forEach(ArrayList.java:1511)
... Removed 37 stack frames]]>
    </failure>
  </testcase> <!-- @AfterMethod tearDown -->
  <testcase classname="com.qa.sco.testCases.LoginPageTest" name="@BeforeMethod setUp" time="-1.653176138988E9">
    <skipped/>
  </testcase> <!-- @BeforeMethod setUp -->
  <testcase classname="com.qa.sco.testCases.LoginPageTest" name="@AfterMethod tearDown" time="-1.653176138994E9">
    <skipped/>
  </testcase> <!-- @AfterMethod tearDown -->
  <testcase classname="com.qa.sco.testCases.LoginPageTest" name="@BeforeMethod setUp" time="-1.653176138996E9">
    <skipped/>
  </testcase> <!-- @BeforeMethod setUp -->
  <testcase classname="com.qa.sco.testCases.LoginPageTest" name="@AfterMethod tearDown" time="-1.653176139001E9">
    <skipped/>
  </testcase> <!-- @AfterMethod tearDown -->
  <testcase classname="com.qa.sco.testCases.LoginPageTest" name="@BeforeMethod setUp" time="-1.653176139003E9">
    <skipped/>
  </testcase> <!-- @BeforeMethod setUp -->
  <testcase classname="com.qa.sco.testCases.LoginPageTest" name="@AfterMethod tearDown" time="-1.653176139007E9">
    <skipped/>
  </testcase> <!-- @AfterMethod tearDown -->
  <testcase classname="com.qa.sco.testCases.LoginPageTest" name="@BeforeMethod setUp" time="-1.653176139008E9">
    <skipped/>
  </testcase> <!-- @BeforeMethod setUp -->
  <testcase classname="com.qa.sco.testCases.LoginPageTest" name="@AfterMethod tearDown" time="-1.653176139013E9">
    <skipped/>
  </testcase> <!-- @AfterMethod tearDown -->
  <testcase classname="com.qa.sco.testCases.LoginPageTest" name="@BeforeMethod setUp" time="-1.653176139013E9">
    <skipped/>
  </testcase> <!-- @BeforeMethod setUp -->
  <testcase classname="com.qa.sco.testCases.LoginPageTest" name="@AfterMethod tearDown" time="-1.653176139018E9">
    <skipped/>
  </testcase> <!-- @AfterMethod tearDown -->
  <testcase classname="com.qa.sco.testCases.LoginPageTest" name="@BeforeMethod setUp" time="-1.653176139019E9">
    <skipped/>
  </testcase> <!-- @BeforeMethod setUp -->
  <testcase classname="com.qa.sco.testCases.LoginPageTest" name="@AfterMethod tearDown" time="-1.653176139022E9">
    <skipped/>
  </testcase> <!-- @AfterMethod tearDown -->
  <testcase classname="com.qa.sco.testCases.LoginPageTest" name="@BeforeMethod setUp" time="-1.653176139023E9">
    <skipped/>
  </testcase> <!-- @BeforeMethod setUp -->
  <testcase classname="com.qa.sco.testCases.LoginPageTest" name="@AfterMethod tearDown" time="-1.653176139027E9">
    <skipped/>
  </testcase> <!-- @AfterMethod tearDown -->
  <testcase classname="com.qa.sco.testCases.LoginPageTest" name="@BeforeMethod setUp" time="-1.653176139027E9">
    <skipped/>
  </testcase> <!-- @BeforeMethod setUp -->
  <testcase classname="com.qa.sco.testCases.LoginPageTest" name="@AfterMethod tearDown" time="-1.65317613903E9">
    <skipped/>
  </testcase> <!-- @AfterMethod tearDown -->
  <testcase classname="com.qa.sco.testCases.LoginPageTest" name="@BeforeMethod setUp" time="-1.653176139031E9">
    <skipped/>
  </testcase> <!-- @BeforeMethod setUp -->
  <testcase classname="com.qa.sco.testCases.LoginPageTest" name="@AfterMethod tearDown" time="-1.653176139034E9">
    <skipped/>
  </testcase> <!-- @AfterMethod tearDown -->
  <testcase classname="com.qa.sco.testCases.LoginPageTest" name="@BeforeMethod setUp" time="-1.653176139034E9">
    <skipped/>
  </testcase> <!-- @BeforeMethod setUp -->
  <testcase classname="com.qa.sco.testCases.LoginPageTest" name="@AfterMethod tearDown" time="-1.653176139037E9">
    <skipped/>
  </testcase> <!-- @AfterMethod tearDown -->
  <testcase classname="com.qa.sco.testCases.LoginPageTest" name="@BeforeMethod setUp" time="-1.653176139038E9">
    <skipped/>
  </testcase> <!-- @BeforeMethod setUp -->
  <testcase classname="com.qa.sco.testCases.LoginPageTest" name="@AfterMethod tearDown" time="-1.65317613904E9">
    <skipped/>
  </testcase> <!-- @AfterMethod tearDown -->
  <testcase classname="com.qa.sco.testCases.LoginPageTest" name="@BeforeMethod setUp" time="-1.653176139041E9">
    <skipped/>
  </testcase> <!-- @BeforeMethod setUp -->
  <testcase classname="com.qa.sco.testCases.LoginPageTest" name="@AfterMethod tearDown" time="-1.653176139044E9">
    <skipped/>
  </testcase> <!-- @AfterMethod tearDown -->
  <testcase classname="com.qa.sco.testCases.LoginPageTest" name="@BeforeMethod setUp" time="-1.653176139045E9">
    <skipped/>
  </testcase> <!-- @BeforeMethod setUp -->
  <testcase classname="com.qa.sco.testCases.LoginPageTest" name="@AfterMethod tearDown" time="-1.65317613905E9">
    <skipped/>
  </testcase> <!-- @AfterMethod tearDown -->
  <testcase classname="com.qa.sco.testCases.LoginPageTest" name="@BeforeMethod setUp" time="-1.65317613905E9">
    <skipped/>
  </testcase> <!-- @BeforeMethod setUp -->
  <testcase classname="com.qa.sco.testCases.LoginPageTest" name="@AfterMethod tearDown" time="-1.653176139053E9">
    <skipped/>
  </testcase> <!-- @AfterMethod tearDown -->
  <testcase classname="com.qa.sco.testCases.LoginPageTest" name="@BeforeMethod setUp" time="-1.653176139054E9">
    <skipped/>
  </testcase> <!-- @BeforeMethod setUp -->
  <testcase classname="com.qa.sco.testCases.LoginPageTest" name="@AfterMethod tearDown" time="-1.653176139057E9">
    <skipped/>
  </testcase> <!-- @AfterMethod tearDown -->
  <testcase classname="com.qa.sco.testCases.LoginPageTest" name="@BeforeMethod setUp" time="-1.653176139058E9">
    <skipped/>
  </testcase> <!-- @BeforeMethod setUp -->
  <testcase classname="com.qa.sco.testCases.LoginPageTest" name="@AfterMethod tearDown" time="-1.653176139062E9">
    <skipped/>
  </testcase> <!-- @AfterMethod tearDown -->
  <testcase classname="com.qa.sco.testCases.LoginPageTest" name="@BeforeMethod setUp" time="-1.653176139063E9">
    <skipped/>
  </testcase> <!-- @BeforeMethod setUp -->
  <testcase classname="com.qa.sco.testCases.LoginPageTest" name="@AfterMethod tearDown" time="-1.653176139065E9">
    <skipped/>
  </testcase> <!-- @AfterMethod tearDown -->
  <testcase classname="com.qa.sco.testCases.LoginPageTest" name="Test5button" time="7.225">
    <failure type="org.openqa.selenium.WebDriverException" message="Failed to decode response from marionette
Build info: version: &amp;apos;3.14.0&amp;apos;, revision: &amp;apos;aacccce0&amp;apos;, time: &amp;apos;2018-08-02T20:19:58.91Z&amp;apos;
System info: host: &amp;apos;DESKTOP-1U1212V&amp;apos;, ip: &amp;apos;10.0.0.88&amp;apos;, os.name: &amp;apos;Windows 10&amp;apos;, os.arch: &amp;apos;amd64&amp;apos;, os.version: &amp;apos;10.0&amp;apos;, java.version: &amp;apos;15.0.1&amp;apos;
Driver info: org.openqa.selenium.firefox.FirefoxDriver
Capabilities {acceptInsecureCerts: true, browserName: firefox, browserVersion: 97.0.1, javascriptEnabled: true, moz:accessibilityChecks: false, moz:buildID: 20220216172458, moz:geckodriverVersion: 0.30.0, moz:headless: false, moz:processID: 50344, moz:profile: C:\Users\MANAV CHOKSHI\AppD..., moz:shutdownTimeout: 60000, moz:useNonSpecCompliantPointerOrigin: false, moz:webdriverClick: true, pageLoadStrategy: normal, platform: WINDOWS, platformName: WINDOWS, platformVersion: 10.0, proxy: Proxy(), setWindowRect: true, strictFileInteractability: false, timeouts: {implicit: 0, pageLoad: 300000, script: 30000}, unhandledPromptBehavior: dismiss and notify}
Session ID: aaea6e95-3c43-4877-84c4-4b009194303e
*** Element info: {Using=xpath, value=//*[@id=&amp;apos;test5-button&amp;apos;]}">
      <![CDATA[org.openqa.selenium.WebDriverException: Failed to decode response from marionette
Build info: version: '3.14.0', revision: 'aacccce0', time: '2018-08-02T20:19:58.91Z'
System info: host: 'DESKTOP-1U1212V', ip: '10.0.0.88', os.name: 'Windows 10', os.arch: 'amd64', os.version: '10.0', java.version: '15.0.1'
Driver info: org.openqa.selenium.firefox.FirefoxDriver
Capabilities {acceptInsecureCerts: true, browserName: firefox, browserVersion: 97.0.1, javascriptEnabled: true, moz:accessibilityChecks: false, moz:buildID: 20220216172458, moz:geckodriverVersion: 0.30.0, moz:headless: false, moz:processID: 50344, moz:profile: C:\Users\MANAV CHOKSHI\AppD..., moz:shutdownTimeout: 60000, moz:useNonSpecCompliantPointerOrigin: false, moz:webdriverClick: true, pageLoadStrategy: normal, platform: WINDOWS, platformName: WINDOWS, platformVersion: 10.0, proxy: Proxy(), setWindowRect: true, strictFileInteractability: false, timeouts: {implicit: 0, pageLoad: 300000, script: 30000}, unhandledPromptBehavior: dismiss and notify}
Session ID: aaea6e95-3c43-4877-84c4-4b009194303e
*** Element info: {Using=xpath, value=//*[@id='test5-button']}
at org.openqa.selenium.remote.http.W3CHttpResponseCodec.createException(W3CHttpResponseCodec.java:187)
at org.openqa.selenium.remote.http.W3CHttpResponseCodec.decode(W3CHttpResponseCodec.java:122)
at org.openqa.selenium.remote.http.W3CHttpResponseCodec.decode(W3CHttpResponseCodec.java:49)
at org.openqa.selenium.remote.HttpCommandExecutor.execute(HttpCommandExecutor.java:158)
at org.openqa.selenium.remote.service.DriverCommandExecutor.execute(DriverCommandExecutor.java:83)
at org.openqa.selenium.remote.RemoteWebDriver.execute(RemoteWebDriver.java:548)
at org.openqa.selenium.remote.RemoteWebDriver.findElement(RemoteWebDriver.java:322)
at org.openqa.selenium.remote.RemoteWebDriver.findElementByXPath(RemoteWebDriver.java:424)
at org.openqa.selenium.By$ByXPath.findElement(By.java:353)
at org.openqa.selenium.remote.RemoteWebDriver.findElement(RemoteWebDriver.java:314)
at org.openqa.selenium.support.pagefactory.DefaultElementLocator.findElement(DefaultElementLocator.java:69)
at org.openqa.selenium.support.pagefactory.internal.LocatingElementHandler.invoke(LocatingElementHandler.java:38)
at com.sun.proxy.$Proxy12.isDisplayed(Unknown Source)
at org.openqa.selenium.support.ui.ExpectedConditions.elementIfVisible(ExpectedConditions.java:315)
at org.openqa.selenium.support.ui.ExpectedConditions.access$100(ExpectedConditions.java:44)
at org.openqa.selenium.support.ui.ExpectedConditions$10.apply(ExpectedConditions.java:301)
at org.openqa.selenium.support.ui.ExpectedConditions$10.apply(ExpectedConditions.java:298)
at org.openqa.selenium.support.ui.FluentWait.until(FluentWait.java:260)
at com.qa.sco.pages.HomePage.Test5(HomePage.java:177)
at com.qa.sco.pages.HomePage.Test5buttonAlertText(HomePage.java:181)
at com.qa.sco.testCases.LoginPageTest.Test5button(LoginPageTest.java:117)
at java.base/java.util.ArrayList.forEach(ArrayList.java:1511)
... Removed 32 stack frames]]>
    </failure>
  </testcase> <!-- Test5button -->
  <testcase classname="com.qa.sco.testCases.LoginPageTest" name="Test5buttonDisable" time="0.0">
    <skipped/>
  </testcase> <!-- Test5buttonDisable -->
  <testcase classname="com.qa.sco.testCases.LoginPageTest" name="cellValue" time="0.0">
    <skipped/>
  </testcase> <!-- cellValue -->
  <testcase classname="com.qa.sco.testCases.LoginPageTest" name="veriftyUsernameInputPresent" time="0.0">
    <skipped/>
  </testcase> <!-- veriftyUsernameInputPresent -->
  <testcase classname="com.qa.sco.testCases.LoginPageTest" name="verifyAfterSelection" time="0.0">
    <skipped/>
  </testcase> <!-- verifyAfterSelection -->
  <testcase classname="com.qa.sco.testCases.LoginPageTest" name="verifyBudgeValueOfSecondListItem" time="0.0">
    <skipped/>
  </testcase> <!-- verifyBudgeValueOfSecondListItem -->
  <testcase classname="com.qa.sco.testCases.LoginPageTest" name="verifyDefaultOption" time="0.0">
    <skipped/>
  </testcase> <!-- verifyDefaultOption -->
  <testcase classname="com.qa.sco.testCases.LoginPageTest" name="verifyFirstEnableButton" time="0.0">
    <skipped/>
  </testcase> <!-- verifyFirstEnableButton -->
  <testcase classname="com.qa.sco.testCases.LoginPageTest" name="verifyLoginButtonPresent" time="0.0">
    <skipped/>
  </testcase> <!-- verifyLoginButtonPresent -->
  <testcase classname="com.qa.sco.testCases.LoginPageTest" name="verifyPasswordInputPresent" time="0.0">
    <skipped/>
  </testcase> <!-- verifyPasswordInputPresent -->
  <testcase classname="com.qa.sco.testCases.LoginPageTest" name="verifySecondDisableButton" time="0.0">
    <skipped/>
  </testcase> <!-- verifySecondDisableButton -->
  <testcase classname="com.qa.sco.testCases.LoginPageTest" name="verifySecondListItem" time="0.0">
    <skipped/>
  </testcase> <!-- verifySecondListItem -->
  <testcase classname="com.qa.sco.testCases.LoginPageTest" name="verifyUsernamWithSpecCharWithPassword" time="0.0">
    <skipped/>
  </testcase> <!-- verifyUsernamWithSpecCharWithPassword -->
  <testcase classname="com.qa.sco.testCases.LoginPageTest" name="verifyUsernamWithoutSpecCharWithPassword" time="0.0">
    <skipped/>
  </testcase> <!-- verifyUsernamWithoutSpecCharWithPassword -->
  <testcase classname="com.qa.sco.testCases.LoginPageTest" name="verifyWithoutPasswordWithUsername" time="0.0">
    <skipped/>
  </testcase> <!-- verifyWithoutPasswordWithUsername -->
  <testcase classname="com.qa.sco.testCases.LoginPageTest" name="verifyWithoutUsernameWithPassword" time="0.0">
    <skipped/>
  </testcase> <!-- verifyWithoutUsernameWithPassword -->
  <testcase classname="com.qa.sco.testCases.LoginPageTest" name="verifytWithoutUserNameANDPassword" time="0.0">
    <skipped/>
  </testcase> <!-- verifytWithoutUserNameANDPassword -->
  <testcase classname="com.qa.sco.testCases.LoginPageTest" name="verifytotalListgroup" time="0.0">
    <skipped/>
  </testcase> <!-- verifytotalListgroup -->
</testsuite> <!-- Parallel Tests -->
